Copyright 1986-2019 Xilinx, Inc. All Rights Reserved.
-------------------------------------------------------------------------------------------
| Tool Version : Vivado v.2019.2 (win64) Build 2708876 Wed Nov  6 21:40:23 MST 2019
| Date         : Fri Jan 31 18:52:06 2020
| Host         : DESKTOP-O11CVHU running 64-bit major release  (build 9200)
| Command      : report_control_sets -verbose -file mfp_nexys4_ddr_control_sets_placed.rpt
| Design       : mfp_nexys4_ddr
| Device       : xc7a100t
-------------------------------------------------------------------------------------------

Control Set Information

Table of Contents
-----------------
1. Summary
2. Histogram
3. Flip-Flop Distribution
4. Detailed Control Set Information

1. Summary
----------

+----------------------------------------------------------+-------+
|                          Status                          | Count |
+----------------------------------------------------------+-------+
| Total control sets                                       |   315 |
|    Minimum number of control sets                        |   315 |
|    Addition due to synthesis replication                 |     0 |
|    Addition due to physical synthesis replication        |     0 |
| Unused register locations in slices containing registers |   631 |
+----------------------------------------------------------+-------+
* Control sets can be merged at opt_design using control_set_merge or merge_equivalent_drivers
** Run report_qor_suggestions for automated merging and remapping suggestions


2. Histogram
------------

+--------------------+-------+
|       Fanout       | Count |
+--------------------+-------+
| Total control sets |   315 |
| >= 0 to < 4        |    10 |
| >= 4 to < 6        |    47 |
| >= 6 to < 8        |     9 |
| >= 8 to < 10       |    52 |
| >= 10 to < 12      |     7 |
| >= 12 to < 14      |     7 |
| >= 14 to < 16      |     3 |
| >= 16              |   180 |
+--------------------+-------+
* Control sets can be remapped at either synth_design or opt_design


3. Flip-Flop Distribution
-------------------------

+--------------+-----------------------+------------------------+-----------------+--------------+
| Clock Enable | Synchronous Set/Reset | Asynchronous Set/Reset | Total Registers | Total Slices |
+--------------+-----------------------+------------------------+-----------------+--------------+
| No           | No                    | No                     |            1184 |          468 |
| No           | No                    | Yes                    |              42 |           19 |
| No           | Yes                   | No                     |             145 |           61 |
| Yes          | No                    | No                     |            6362 |         2534 |
| Yes          | No                    | Yes                    |              67 |           19 |
| Yes          | Yes                   | No                     |             649 |          194 |
+--------------+-----------------------+------------------------+-----------------+--------------+


4. Detailed Control Set Information
-----------------------------------

+--------------------------+---------------------------------------------------------------------------------------------------+------------------------------------------------------------------------------------------------+------------------+----------------+
|       Clock Signal       |                                           Enable Signal                                           |                                        Set/Reset Signal                                        | Slice Load Count | Bel Load Count |
+--------------------------+---------------------------------------------------------------------------------------------------+------------------------------------------------------------------------------------------------+------------------+----------------+
|  tck                     | mfp_sys/top/cpu/core/ejt/ejt_tap/ejt_tck/_inst_reg41_4_1_/q_reg[0]_4                              | mfp_sys/top/cpu/core/cpz/_ie_pipe_out_5_0_/cregister/cregister/Q[1]                            |                1 |              1 |
|  tck                     |                                                                                                   | mfp_sys/top/cpu/core/ejt/ejt_tap/ejt_tck/_reset_unsync/q_reg[0]_1                              |                1 |              1 |
| ~tck                     |                                                                                                   |                                                                                                |                1 |              1 |
|  clk_wiz_0/inst/clk_out1 | mfp_sys/top/cpu/core/mpc/mpc_ctl/_ie_pipe_out_50_0_/cregister/cregister/cond07_out_2              |                                                                                                |                1 |              1 |
|  tck                     |                                                                                                   | mfp_sys/top/cpu/core/ejt/ejt_tap/ejt_tck/_reset_unsync/q_reg[0]_0                              |                2 |              2 |
|  clk_wiz_0/inst/clk_out1 | mfp_sys/top/cpu/core/dcc/_raw_dcop_read_reg/q_reg[1]                                              |                                                                                                |                1 |              2 |
|  clk_wiz_0/inst/clk_out1 | mfp_sys/top/cpu/core/mpc/mpc_ctl/_m_pipe_out_46_0_/cregister/cregister/q_reg[0]_0                 | mfp_sys/top/cpu/core/mpc/mpc_dec/_int_ir_e_31_0_/cregister/cregister/q_reg[4]_11               |                2 |              2 |
|  clk_wiz_0/inst/clk_out1 | mfp_sys/top/cpu/core/dcc/_raw_dcop_read_reg/p_0_in                                                |                                                                                                |                1 |              2 |
|  clk_wiz_0/inst/clk_out1 | mfp_sys/top/cpu/core/dcc/_cacheread_m/q_reg[0]_3                                                  |                                                                                                |                1 |              2 |
|  clk_wiz_0/inst/clk_out1 | mfp_sys/top/cpu/core/mpc/mpc_ctl/_ie_pipe_out_50_0_/cregister/cregister/cond07_out_2              | mfp_sys/top/cpu/core/siu/_siu_coldreset/q_reg[0]_15                                            |                1 |              3 |
|  clk_wiz_0/inst/clk_out1 | mfp_sys/top/cpu/core/dcc/fb/_raw_fb_replinf_12_0_/cregister/cregister/valid_word_here_c           | mfp_sys/top/cpu/core/dcc/fb/_valid_word_here_reg_3_0_/cregister/cregister/q[3]_i_1_n_0         |                1 |              4 |
|  tck                     |                                                                                                   | mfp_sys/top/cpu/core/siu/_siu_coldreset/q_reg[0]_1                                             |                3 |              4 |
|  clk_wiz_0/inst/clk_out1 | mfp_sys/top/cpu/core/siu/_siu_coldreset/q_reg[4][0]                                               |                                                                                                |                1 |              4 |
|  clk_wiz_0/inst/clk_out1 | mfp_sys/top/cpu/core/dcc/_dstore_m_reg/q_reg[0]_4[0]                                              |                                                                                                |                2 |              4 |
|  clk_wiz_0/inst/clk_out1 | mfp_sys/top/cpu/core/biu/_HADDR_31_0_/cregister/cregister/q_reg[0]_9[0]                           | mfp_sys/top/cpu/core/biu/_HADDR_31_0_/cregister/cregister/q_reg[0]_28                          |                1 |              4 |
|  clk_wiz_0/inst/clk_out1 | mfp_sys/top/cpu/core/biu/_HADDR_31_0_/cregister/cregister/q_reg[0]_16[0]                          | mfp_sys/top/cpu/core/biu/_HADDR_31_0_/cregister/cregister/q_reg[0]_32                          |                1 |              4 |
|  tck                     | mfp_sys/top/cpu/core/ejt/ejt_tap/ejt_tck/_inst_reg41_4_1_/q_reg[0]_4                              |                                                                                                |                1 |              4 |
|  clk_wiz_0/inst/clk_out1 | mfp_sys/top/cpu/core/biu/_HADDR_31_0_/cregister/cregister/q_reg[0]_6[0]                           | mfp_sys/top/cpu/core/biu/_HADDR_31_0_/cregister/cregister/q_reg[0]_26                          |                1 |              4 |
|  clk_wiz_0/inst/clk_out1 | mfp_sys/top/cpu/core/dcc/_new_addr_sync/cond047_out                                               | mfp_sys/top/cpu/core/dcc/_ev_dirtyway_reg/q_reg[0]_0                                           |                1 |              4 |
|  clk_wiz_0/inst/clk_out1 | mfp_sys/top/cpu/core/biu/_HADDR_31_0_/cregister/cregister/E[0]                                    | mfp_sys/top/cpu/core/biu/_HADDR_31_0_/cregister/cregister/q_reg[0]_25                          |                1 |              4 |
|  clk_wiz_0/inst/clk_out1 | mfp_sys/top/cpu/core/dcc/_dcc_ev/mpc_run_w                                                        | mfp_sys/top/cpu/core/dcc/_dcc_ev/q_reg[0]_1                                                    |                2 |              4 |
|  clk_wiz_0/inst/clk_out1 | mfp_sys/top/cpu/core/mpc/mpc_exc/_new_exc_id/new_exc_id                                           |                                                                                                |                2 |              4 |
|  clk_wiz_0/inst/clk_out1 | mfp_sys/top/cpu/core/mpc/mpc_ctl/_coptype_md_3_0_/q_reg[0]_18[0]                                  |                                                                                                |                2 |              4 |
|  clk_wiz_0/inst/clk_out1 | mfp_sys/top/cpu/core/dcc/_dcc_dmiss_m_ev_reg/q_reg[0]_25                                          |                                                                                                |                1 |              4 |
|  clk_wiz_0/inst/clk_out1 |                                                                                                   | mfp_sys/top/cpu/core/dcc/_storebuff_idx_19_2_/cregister/cregister/q_reg[2]_0                   |                1 |              4 |
|  clk_wiz_0/inst/clk_out1 |                                                                                                   | mfp_sys/top/cpu/core/dcc/_dcc_ev/q_reg[0]_9                                                    |                4 |              4 |
|  clk_wiz_0/inst/clk_out1 |                                                                                                   | mfp_sys/top/cpu/core/dcc/_dstore_m_reg/q_reg[0]_3                                              |                2 |              4 |
|  clk_wiz_0/inst/clk_out1 |                                                                                                   | mfp_sys/top/cpu/core/ejt/ejt_tap/ejt_tck/_reset_unsync/q_reg[0]_0                              |                4 |              4 |
|  clk_wiz_0/inst/clk_out1 |                                                                                                   | mfp_sys/top/cpu/core/icc/_ireq/ld_tag                                                          |                2 |              4 |
|  clk_wiz_0/inst/clk_out1 |                                                                                                   | mfp_sys/top/cpu/core/icc/_raw_fb_repl_inf_12_0_/q_reg[11]_1                                    |                2 |              4 |
|  clk_wiz_0/inst/clk_out1 |                                                                                                   | mfp_sys/top/cpu/core/mdunit/mdl_ctl/_uc_reg_out_20_0_/cregister/register_inst/q[5]_i_1__89_n_0 |                1 |              4 |
|  clk_wiz_0/inst/clk_out1 |                                                                                                   | mfp_sys/top/cpu/core/mpc/mpc_dec/_int_ir_e_31_0_/cregister/cregister/q_reg[0]_9                |                1 |              4 |
|  clk_wiz_0/inst/clk_out1 |                                                                                                   | mfp_sys/top/cpu/core/mpc/mpc_dec/_int_ir_e_31_0_/cregister/cregister/q_reg[0]_6                |                2 |              4 |
|  clk_wiz_0/inst/clk_out1 | mfp_sys/top/cpu/core/biu/_HADDR_31_0_/cregister/cregister/q_reg[0]_11[0]                          | mfp_sys/top/cpu/core/biu/_HADDR_31_0_/cregister/cregister/q_reg[0]_29                          |                1 |              4 |
|  clk_wiz_0/inst/clk_out1 | mfp_sys/top/cpu/core/dcc/fb/_ld_mtag_reg/q_reg[0]_8[0]                                            |                                                                                                |                2 |              4 |
|  clk_wiz_0/inst/clk_out1 | mfp_sys/top/cpu/core/icc/_enable_ireq/enable_ireq                                                 |                                                                                                |                1 |              4 |
|  clk_wiz_0/inst/clk_out1 | mfp_sys/top/cpu/core/dcc/fb/_ld_mtag_reg/rd_req_sent                                              |                                                                                                |                3 |              4 |
|  clk_wiz_0/inst/clk_out1 | mfp_sys/top/cpu/core/dcc/_ev_dirtyway_reg_reg/q_reg[0]_5                                          | mfp_sys/top/cpu/core/dcc/_ev_word_reg_1_0_/q_reg[1]_0                                          |                1 |              4 |
|  clk_wiz_0/inst/clk_out1 | mfp_sys/top/cpu/core/dcc/fb/_raw_fb_replinf_12_0_/cregister/cregister/q_reg[0]_29[0]              |                                                                                                |                2 |              4 |
|  clk_wiz_0/inst/clk_out1 | mfp_sys/top/cpu/core/biu/_HADDR_31_0_/cregister/cregister/cond02_out                              | mfp_sys/top/cpu/core/siu/_siu_coldreset/q_reg[0]_1                                             |                1 |              4 |
|  clk_wiz_0/inst/clk_out1 | mfp_sys/mfp_ejtag_reset/trst_delay[3]_i_1_n_0                                                     |                                                                                                |                1 |              4 |
|  clk_wiz_0/inst/clk_out1 | mfp_sys/top/cpu/core/biu/_HADDR_31_0_/cregister/cregister/p_2_in3_in                              | mfp_sys/top/cpu/core/biu/_HADDR_31_0_/cregister/cregister/q_reg[0]_0                           |                2 |              4 |
|  clk_wiz_0/inst/clk_out1 | mfp_sys/top/cpu/core/biu/_HADDR_31_0_/cregister/cregister/cond03_out                              | mfp_sys/top/cpu/core/siu/_siu_coldreset/q_reg[0]_1                                             |                1 |              4 |
|  clk_wiz_0/inst/clk_out1 | mfp_sys/top/cpu/core/mpc/mpc_ctl/_coptype_md_3_0_/q_reg[0]_17[0]                                  |                                                                                                |                3 |              4 |
|  clk_wiz_0/inst/clk_out1 | mfp_sys/top/cpu/core/biu/_HADDR_31_0_/cregister/cregister/dbv_we_sel                              | mfp_sys/top/cpu/core/biu/_HADDR_31_0_/cregister/cregister/q_reg[0]_22                          |                3 |              4 |
|  clk_wiz_0/inst/clk_out1 | mfp_sys/top/cpu/core/biu/_HADDR_31_0_/cregister/cregister/q_reg[0]_14[0]                          | mfp_sys/top/cpu/core/biu/_HADDR_31_0_/cregister/cregister/q_reg[0]_31                          |                2 |              4 |
|  clk_wiz_0/inst/clk_out1 | mfp_sys/mfp_ahb_withloader/mfp_srec_parser/reg_byte_data[3]_i_1_n_0                               |                                                                                                |                1 |              4 |
|  clk_wiz_0/inst/clk_out1 | mfp_sys/top/cpu/core/dcc/_ev_dirtyway_reg_reg/q_reg[0]_5                                          | mfp_sys/top/cpu/core/dcc/_ev_word_reg_1_0_/q_reg[0]_1                                          |                2 |              4 |
|  clk_wiz_0/inst/clk_out1 | mfp_sys/top/cpu/core/dcc/_ev_dirtyway_reg_reg/q_reg[0]_5                                          | mfp_sys/top/cpu/core/dcc/_ev_word_reg_1_0_/q_reg[0]_3                                          |                1 |              4 |
|  clk_wiz_0/inst/clk_out1 | mfp_sys/top/cpu/core/dcc/_ev_dirtyway_reg_reg/q_reg[0]_5                                          | mfp_sys/top/cpu/core/dcc/_ev_word_reg_1_0_/q_reg[0]_2                                          |                1 |              4 |
|  tck                     |                                                                                                   | mfp_sys/mfp_ejtag_reset/trst_n_reg_0                                                           |                1 |              5 |
|  clk_wiz_0/inst/clk_out1 | mfp_sys/top/cpu/core/dcc/_dcc_ev/E[0]                                                             |                                                                                                |                2 |              5 |
|  clk_wiz_0/inst/clk_out1 | mfp_sys/top/cpu/core/mpc/mpc_ctl/_ie_pipe_out_50_0_/cregister/cregister/q_reg[29]_5[0]            |                                                                                                |                3 |              5 |
|  clk_wiz_0/inst/clk_out1 |                                                                                                   | mfp_sys/top/cpu/core/mdunit/mdl_ctl/_uc_reg_out_20_0_/cregister/register_inst/q_reg[3]_0       |                1 |              5 |
|  clk_wiz_0/inst/clk_out1 | mfp_sys/mfp_ahb_withloader/mfp_uart_receiver/Q[0]                                                 | mfp_sys/mfp_ahb_withloader/mfp_uart_receiver/CPU_RESETN                                        |                3 |              5 |
|  clk_wiz_0/inst/clk_out1 |                                                                                                   | mfp_sys/top/cpu/core/dcc/_ev_dirtyway_reg/q_reg[0]_0                                           |                2 |              5 |
|  tck                     | mfp_sys/top/cpu/core/ejt/ejt_tap/ejt_tck/_tap_ctrl_3_0_/q_reg[1]_2[0]                             | mfp_sys/mfp_ejtag_reset/trst_n_reg_0                                                           |                1 |              5 |
|  clk_wiz_0/inst/clk_out1 | mfp_sys/top/cpu/core/mpc/mpc_ctl/_m_pipe_out_46_0_/cregister/cregister/q_reg[0]_0                 | mfp_sys/top/cpu/core/mpc/mpc_ctl/_m_pipe_out_46_0_/cregister/cregister/q_reg[0]                |                3 |              6 |
|  clk_wiz_0/inst/clk_out1 | mfp_sys/top/cpu/core/cpz/_errctl_11_8_/cregister/cregister/E[0]                                   |                                                                                                |                5 |              6 |
|  clk_wiz_0/inst/clk_out1 |                                                                                                   | mfp_sys/top/udi/_inst_s1_5_0_/q[5]_i_1_n_0                                                     |                2 |              6 |
|  clk_wiz_0/inst/clk_out1 | mfp_sys/top/cpu/core/dcc/_dcc_ev/q_reg[0]_7[0]                                                    | mfp_sys/top/cpu/core/mpc/mpc_exc/_raw_pexc_e/q_reg[0]_1                                        |                3 |              6 |
|  clk_wiz_0/inst/clk_out1 | mfp_sys/top/cpu/core/mpc/mpc_ctl/_ie_pipe_out_50_0_/cregister/cregister/cond071_out               |                                                                                                |                5 |              6 |
|  clk_wiz_0/inst/clk_out1 | mfp_sys/top/cpu/core/siu/_siu_coldreset/q_reg[0]_2                                                | mfp_sys/top/cpu/core/siu/_siu_coldreset/q_reg[0]_6                                             |                2 |              6 |
|  clk_wiz_0/inst/clk_out1 | mfp_sys/top/cpu/core/mpc/mpc_ctl/_ie_pipe_out_50_0_/cregister/cregister/cond046_out               |                                                                                                |                6 |              7 |
|  clk_wiz_0/inst/clk_out1 | mfp_sys/top/cpu/core/biu/_HADDR_31_0_/cregister/cregister/cond011_out                             | mfp_sys/top/cpu/core/q[1]_i_1_n_0                                                              |                2 |              7 |
|  clk_wiz_0/inst/clk_out1 | mfp_sys/top/cpu/core/mpc/mpc_ctl/_ie_pipe_out_50_0_/cregister/cregister/cond071_out               | mfp_sys/top/cpu/core/siu/_siu_coldreset/q_reg[0]_14                                            |                5 |              7 |
|  clk_wiz_0/inst/clk_out1 | mfp_sys/top/cpu/core/mmu/tlb_ctl/_rawcp0write_m/tagwrclken_16[2]                                  | mfp_sys/top/cpu/core/mmu/tlb_ctl/_rawcp0write_m/q_reg[0]_3                                     |                3 |              8 |
|  clk_wiz_0/inst/clk_out1 | mfp_sys/top/cpu/core/dcc/fb/_dval_m_reg_3_2_/q_reg[9][0]                                          |                                                                                                |                3 |              8 |
|  clk_wiz_0/inst/clk_out1 | mfp_sys/top/cpu/core/mmu/tlb_ctl/_rawcp0write_m/tagwrclken_16[0]                                  | mfp_sys/top/cpu/core/mmu/tlb_ctl/_rawcp0write_m/q_reg[0]_5                                     |                2 |              8 |
|  clk_wiz_0/inst/clk_out1 | mfp_sys/top/cpu/core/mmu/tlb_cpy/_random_4_0_/tagwrclken_16[8]                                    | mfp_sys/top/cpu/core/mmu/tlb_cpy/_random_4_0_/q_reg[0]_4                                       |                2 |              8 |
|  clk_wiz_0/inst/clk_out1 | mfp_sys/top/cpu/core/mmu/tlb_cpy/_random_4_0_/tagwrclken_16[7]                                    | mfp_sys/top/cpu/core/mmu/tlb_cpy/_random_4_0_/q_reg[0]_5                                       |                2 |              8 |
|  clk_wiz_0/inst/clk_out1 | mfp_sys/top/cpu/core/cpz/_errctl_11_8_/cregister/cregister/q_reg[0]_5[0]                          |                                                                                                |                7 |              8 |
|  clk_wiz_0/inst/clk_out1 | mfp_sys/top/cpu/core/cpz/_countb0_7_0_/cregister/cregister/E[0]                                   |                                                                                                |                5 |              8 |
|  clk_wiz_0/inst/clk_out1 | mfp_sys/top/cpu/core/cpz/_countb1_7_0_/cregister/cregister/E[0]                                   |                                                                                                |                3 |              8 |
|  clk_wiz_0/inst/clk_out1 | mfp_sys/top/cpu/core/cpz/_countb2_7_0_/cregister/cregister/E[0]                                   |                                                                                                |                4 |              8 |
|  clk_wiz_0/inst/clk_out1 | mfp_sys/top/cpu/core/cpz/_count_inc/E[0]                                                          |                                                                                                |                3 |              8 |
|  clk_wiz_0/inst/clk_out1 | mfp_sys/top/cpu/core/mmu/tlb_cpy/_random_4_0_/tagwrclken_16[10]                                   | mfp_sys/top/cpu/core/mmu/tlb_cpy/_random_4_0_/q_reg[0]_2                                       |                2 |              8 |
|  clk_wiz_0/inst/clk_out1 | mfp_sys/top/cpu/core/mmu/tlb_cpy/_random_4_0_/tagwrclken_16[6]                                    | mfp_sys/top/cpu/core/mmu/tlb_cpy/_random_4_0_/q_reg[0]_6                                       |                2 |              8 |
|  clk_wiz_0/inst/clk_out1 | mfp_sys/top/cpu/core/mmu/tlb_cpy/_random_4_0_/tagwrclken_16[5]                                    | mfp_sys/top/cpu/core/mmu/tlb_cpy/_random_4_0_/q_reg[0]_7                                       |                2 |              8 |
|  clk_wiz_0/inst/clk_out1 | mfp_sys/top/cpu/core/mmu/tlb_cpy/_random_4_0_/tagwrclken_16[4]                                    | mfp_sys/top/cpu/core/mmu/tlb_cpy/_random_4_0_/q_reg[0]_8                                       |                2 |              8 |
|  clk_wiz_0/inst/clk_out1 | mfp_sys/top/cpu/core/mmu/tlb_cpy/_random_4_0_/tagwrclken_16[3]                                    | mfp_sys/top/cpu/core/mmu/tlb_cpy/_random_4_0_/q_reg[0]_9                                       |                3 |              8 |
|  clk_wiz_0/inst/clk_out1 | mfp_sys/top/cpu/core/mmu/tlb_cpy/_random_4_0_/tagwrclken_16[2]                                    | mfp_sys/top/cpu/core/mmu/tlb_cpy/_random_4_0_/q_reg[0]_10                                      |                3 |              8 |
|  clk_wiz_0/inst/clk_out1 | mfp_sys/top/cpu/core/dcc/fb/_ld_mtag_reg/q_reg[0]_9[0]                                            |                                                                                                |                4 |              8 |
|  clk_wiz_0/inst/clk_out1 | mfp_sys/top/cpu/core/mmu/tlb_cpy/_random_4_0_/tagwrclken_16[1]                                    | mfp_sys/top/cpu/core/mmu/tlb_cpy/_random_4_0_/q_reg[0]_11                                      |                2 |              8 |
|  clk_wiz_0/inst/clk_out1 | mfp_sys/top/cpu/core/dcc/fb/_dval_m_reg_3_2_/E[0]                                                 |                                                                                                |                1 |              8 |
|  clk_wiz_0/inst/clk_out1 | mfp_sys/top/cpu/core/dcc/fb/_dval_m_reg_3_2_/q_reg[10][0]                                         |                                                                                                |                1 |              8 |
|  clk_wiz_0/inst/clk_out1 | mfp_sys/top/cpu/core/dcc/fb/_dval_m_reg_3_2_/q_reg[8][0]                                          |                                                                                                |                1 |              8 |
|  clk_wiz_0/inst/clk_out1 | mfp_sys/top/cpu/core/dcc/fb/_dval_m_reg_3_2_/q_reg[11][0]                                         |                                                                                                |                2 |              8 |
|  clk_wiz_0/inst/clk_out1 | mfp_sys/top/cpu/core/dcc/fb/_dval_m_reg_3_2_/q_reg[7][0]                                          |                                                                                                |                1 |              8 |
|  clk_wiz_0/inst/clk_out1 | mfp_sys/top/cpu/core/dcc/fb/_dval_m_reg_3_2_/q_reg[5][0]                                          |                                                                                                |                1 |              8 |
|  clk_wiz_0/inst/clk_out1 | mfp_sys/top/cpu/core/dcc/fb/_dval_m_reg_3_2_/q_reg[1]_0[0]                                        |                                                                                                |                3 |              8 |
|  clk_wiz_0/inst/clk_out1 | mfp_sys/top/cpu/core/dcc/fb/_dval_m_reg_3_2_/q_reg[4][0]                                          |                                                                                                |                1 |              8 |
|  clk_wiz_0/inst/clk_out1 | mfp_sys/top/cpu/core/dcc/fb/_dval_m_reg_3_2_/q_reg[6][0]                                          |                                                                                                |                1 |              8 |
|  clk_wiz_0/inst/clk_out1 | mfp_sys/top/cpu/core/dcc/fb/_dval_m_reg_3_2_/q_reg[2][0]                                          |                                                                                                |                1 |              8 |
|  clk_wiz_0/inst/clk_out1 | mfp_sys/top/cpu/core/dcc/fb/_dval_m_reg_3_2_/q_reg[3][0]                                          |                                                                                                |                5 |              8 |
|  clk_wiz_0/inst/clk_out1 | mfp_sys/top/cpu/core/dcc/fb/_dval_m_reg_3_2_/q_reg[13][0]                                         |                                                                                                |                1 |              8 |
|  clk_wiz_0/inst/clk_out1 | mfp_sys/top/cpu/core/dcc/fb/_dval_m_reg_3_2_/q_reg[14][0]                                         |                                                                                                |                1 |              8 |
|  clk_wiz_0/inst/clk_out1 | mfp_sys/top/cpu/core/dcc/fb/_dval_m_reg_3_2_/q_reg[12][0]                                         |                                                                                                |                4 |              8 |
|  clk_wiz_0/inst/clk_out1 | mfp_sys/top/cpu/core/dcc/fb/_dval_m_reg_3_2_/q_reg[15][0]                                         |                                                                                                |                1 |              8 |
|  clk_wiz_0/inst/clk_out1 | mfp_sys/top/cpu/core/mmu/tlb_cpy/_random_4_0_/tagwrclken_16[11]                                   | mfp_sys/top/cpu/core/mmu/tlb_cpy/_random_4_0_/q_reg[0]_0                                       |                4 |              8 |
|  clk_wiz_0/inst/clk_out1 | mfp_sys/top/cpu/core/mmu/tlb_cpy/_random_4_0_/tagwrclken_16[0]                                    | mfp_sys/top/cpu/core/mmu/tlb_cpy/_random_4_0_/q_reg[0]_12                                      |                2 |              8 |
|  clk_wiz_0/inst/clk_out1 | mfp_sys/top/cpu/core/mpc/mpc_ctl/_mpc_atomic_w/cond014_out                                        | mfp_sys/top/cpu/core/mpc/mpc_ctl/_mpc_atomic_w/q_reg[0]_3                                      |                2 |              8 |
|  clk_wiz_0/inst/clk_out1 | mfp_sys/top/cpu/core/mpc/mpc_ctl/_mpc_atomic_w/cond014_out                                        | mfp_sys/top/cpu/core/mpc/mpc_ctl/_mpc_atomic_w/q_reg[0]_5                                      |                4 |              8 |
|  clk_wiz_0/inst/clk_out1 | mfp_sys/top/cpu/core/mpc/mpc_ctl/_mpc_atomic_w/cond014_out                                        | mfp_sys/top/cpu/core/mpc/mpc_ctl/_mpc_atomic_w/q_reg[0]_2                                      |                5 |              8 |
|  clk_wiz_0/inst/clk_out1 | mfp_sys/top/cpu/core/mpc/mpc_ctl/_mpc_atomic_w/cond014_out                                        | mfp_sys/top/cpu/core/mpc/mpc_ctl/_mpc_atomic_w/q_reg[0]_4                                      |                4 |              8 |
|  clk_wiz_0/inst/clk_out1 | mfp_sys/top/cpu/core/mmu/tlb_cpy/_random_4_0_/tagwrclken_16[9]                                    | mfp_sys/top/cpu/core/mmu/tlb_cpy/_random_4_0_/q_reg[0]_3                                       |                2 |              8 |
|  clk_wiz_0/inst/clk_out1 | mfp_sys/mfp_ahb_withloader/mfp_uart_receiver/shifted_1[7]_i_1_n_0                                 | mfp_sys/mfp_ahb_withloader/mfp_uart_receiver/CPU_RESETN                                        |                4 |              8 |
|  clk_wiz_0/inst/clk_out1 | mfp_sys/top/cpu/core/mpc/mpc_ctl/_ie_pipe_out_50_0_/cregister/cregister/q_reg[25]_rep__0_2[0]     |                                                                                                |                3 |              8 |
|  clk_wiz_0/inst/clk_out1 | mfp_sys/top/cpu/core/biu/_HADDR_31_0_/cregister/cregister/q_reg[0]_13                             | mfp_sys/top/cpu/core/biu/_HADDR_31_0_/cregister/cregister/q_reg[0]_30                          |                2 |              8 |
|  clk_wiz_0/inst/clk_out1 | mfp_sys/top/cpu/core/biu/_HADDR_31_0_/cregister/cregister/q_reg[0]_3                              | mfp_sys/top/cpu/core/biu/_HADDR_31_0_/cregister/cregister/q_reg[0]_24                          |                2 |              8 |
|  clk_wiz_0/inst/clk_out1 | mfp_sys/top/cpu/core/biu/_HADDR_31_0_/cregister/cregister/q_reg[0]_8                              | mfp_sys/top/cpu/core/biu/_HADDR_31_0_/cregister/cregister/q_reg[0]_27                          |                2 |              8 |
|  clk_wiz_0/inst/clk_out1 | mfp_sys/mfp_ahb_withloader/mfp_uart_receiver/byte_data[7]_i_1_n_0                                 |                                                                                                |                2 |              8 |
|  clk_wiz_0/inst/clk_out1 | mfp_sys/mfp_ahb_withloader/mfp_srec_parser/reg_count[7]_i_1_n_0                                   |                                                                                                |                4 |              8 |
|  clk_wiz_0/inst/clk_out1 | mfp_sys/top/cpu/core/mmu/tlb_ctl/_rawcp0write_m/tagwrclken_16[1]                                  | mfp_sys/top/cpu/core/mmu/tlb_ctl/_rawcp0write_m/q_reg[0]_4                                     |                2 |              8 |
|  clk_wiz_0/inst/clk_out1 | mfp_sys/top/cpu/core/mmu/tlb_ctl/_rawcp0write_m/tagwrclken_16[3]                                  | mfp_sys/top/cpu/core/mmu/tlb_ctl/_rawcp0write_m/q_reg[0]_1                                     |                2 |              8 |
|  clk_wiz_0/inst/clk_out1 | mfp_sys/top/cpu/core/mpc/mpc_ctl/_ie_pipe_out_50_0_/cregister/cregister/q_reg[29]_3[0]            |                                                                                                |                3 |              9 |
|  clk_wiz_0/inst/clk_out1 | mfp_sys/top/cpu/core/icc/_icache_read_i/icache_read_i                                             |                                                                                                |                5 |              9 |
|  tck                     | mfp_sys/top/cpu/core/ejt/ejt_tap/ejt_tck/_inst_reg41_4_1_/cond093_out                             | mfp_sys/top/cpu/core/ejt/ejt_tap/ejt_tck/_inst_reg41_4_1_/q_reg[0]_9                           |                2 |              9 |
|  clk_wiz_0/inst/clk_out1 | mfp_sys/top/cpu/core/mpc/mpc_ctl/_ie_pipe_out_50_0_/cregister/cregister/q_reg[26]_rep_19[0]       |                                                                                                |                8 |             10 |
|  clk_wiz_0/inst/clk_out1 | mfp_sys/top/cpu/core/dcc/_dcc_ev/q_reg[0]_7[0]                                                    | mfp_sys/top/cpu/core/mpc/mpc_ctl/_m_pipe_out_46_0_/cregister/cregister/q_reg[13]_0             |                5 |             10 |
|  clk_wiz_0/inst/clk_out1 | mfp_sys/top/cpu/core/mpc/mpc_ctl/_coptype_md_3_0_/cond032_out                                     |                                                                                                |                5 |             10 |
|  clk_wiz_0/inst/clk_out1 | mfp_sys/top/cpu/core/mpc/mpc_ctl/_ie_pipe_out_50_0_/cregister/cregister/cond07_out_1              | mfp_sys/top/cpu/core/siu/_siu_coldreset/q_reg[0]_17                                            |                3 |             11 |
|  clk_wiz_0/inst/clk_out1 | mfp_sys/top/cpu/core/mpc/mpc_ctl/_ie_pipe_out_50_0_/cregister/cregister/cond07_out                | mfp_sys/top/cpu/core/siu/_siu_coldreset/q_reg[0]_16                                            |                3 |             11 |
|  clk_wiz_0/inst/clk_out1 | mfp_sys/top/cpu/core/biu/_HADDR_31_0_/cregister/cregister/q_reg[0]_33[0]                          |                                                                                                |                3 |             11 |
|  clk_wiz_0/inst/clk_out1 | mfp_sys/top/cpu/core/mpc/mpc_ctl/_ie_pipe_out_50_0_/cregister/cregister/cond046_out               | mfp_sys/top/cpu/core/siu/_siu_coldreset/q_reg[0]_1                                             |                5 |             11 |
|  clk_wiz_0/inst/clk_out1 |                                                                                                   | mfp_sys/top/cpu/core/dcc/_dccop_w/q_reg[0]_2                                                   |                2 |             12 |
|  clk_wiz_0/inst/clk_out1 | mfp_sys/top/cpu/core/mpc/mpc_ctl/_ie_pipe_out_50_0_/cregister/cregister/cond012_out               | mfp_sys/top/cpu/core/siu/_siu_coldreset/q_reg[0]_13                                            |                4 |             12 |
|  clk_wiz_0/inst/clk_out1 | mfp_sys/top/cpu/core/dcc/fb/_raw_fb_replinf_12_0_/cregister/cregister/cond024_out                 |                                                                                                |                7 |             12 |
|  clk_wiz_0/inst/clk_out1 | mfp_sys/top/cpu/core/mpc/mpc_ctl/_m_pipe_out_46_0_/cregister/cregister/q_reg[0]_8                 |                                                                                                |                5 |             12 |
|  clk_wiz_0/inst/clk_out1 | mfp_sys/top/cpu/core/siu/_siu_coldreset/q_reg[0]_10                                               |                                                                                                |                4 |             13 |
|  clk_wiz_0/inst/clk_out1 | mfp_sys/top/cpu/core/siu/_siu_coldreset/q_reg[0]_9                                                |                                                                                                |                4 |             13 |
|  clk_wiz_0/inst/clk_out1 | mfp_sys/top/cpu/core/mpc/mpc_exc/_mpc_pexc_w/q_reg[1]_4                                           |                                                                                                |                5 |             13 |
|  clk_wiz_0/inst/clk_out1 |                                                                                                   | mfp_sys/top/cpu/core/mpc/mpc_ctl/_mpc_pm_complete/q_reg[0]_0                                   |                4 |             14 |
|  clk_wiz_0/inst/clk_out1 | mfp_sys/top/cpu/core/mpc/mpc_ctl/_mpc_atomic_m/mpc_rega_cond_i                                    |                                                                                                |                5 |             14 |
|  clk_wiz_0/inst/clk_out1 | mfp_sys/top/cpu/core/mpc/mpc_ctl/_ie_pipe_out_50_0_/cregister/cregister/q_reg[28]_4               | mfp_sys/top/cpu/core/siu/_siu_coldreset/q_reg[0]_12                                            |                3 |             15 |
|  clk_wiz_0/inst/clk_out1 |                                                                                                   | mfp_sys/mfp_ahb_withloader/mfp_srec_parser/reg_address_reg[1]_0[0]                             |                8 |             16 |
|  clk_wiz_0/inst/clk_out1 | mfp_sys/top/cpu/core/dcc/_wr_req_enable/q_reg[0]_rep_5[0]                                         | mfp_sys/top/cpu/core/siu/_siu_coldreset/q_reg[0]_1                                             |                8 |             16 |
|  clk_wiz_0/inst/clk_out1 | mfp_sys/mfp_ahb_withloader/mfp_ahb/mfp_ahb_p_ram/E[0]                                             | mfp_sys/mfp_ahb_withloader/mfp_uart_receiver/CPU_RESETN                                        |                2 |             16 |
|  clk_wiz_0/inst/clk_out1 | mfp_sys/top/cpu/core/dcc/fb/_sb_to_fb_stb_reg/E[0]                                                |                                                                                                |               12 |             16 |
|  clk_wiz_0/inst/clk_out1 | mfp_sys/top/cpu/core/dcc/fb/_sb_to_fb_stb_reg/q_reg[0]_1[0]                                       |                                                                                                |                8 |             16 |
|  clk_wiz_0/inst/clk_out1 |                                                                                                   | mfp_sys/mfp_ahb_withloader/mfp_srec_parser/reg_address_reg[1]_1                                |                6 |             16 |
|  clk_wiz_0/inst/clk_out1 | mfp_sys/top/cpu/core/dcc/_dccop_w/q_reg[0]_3                                                      |                                                                                                |                7 |             17 |
|  clk_wiz_0/inst/clk_out1 | mfp_sys/top/cpu/core/biu/_HADDR_31_0_/cregister/cregister/cond04_out                              | mfp_sys/top/cpu/core/siu/_siu_coldreset/q_reg[0]_1                                             |                3 |             21 |
|  tck                     | mfp_sys/top/cpu/core/ejt/ejt_tap/ejt_tck/_inst_reg41_4_1_/cond093_out                             |                                                                                                |                8 |             23 |
|  clk_wiz_0/inst/clk_out1 | mfp_sys/top/cpu/core/mmu/tlb_cpy/_random_4_0_/datawrclken1_16[10]                                 |                                                                                                |               13 |             27 |
|  clk_wiz_0/inst/clk_out1 | mfp_sys/top/cpu/core/mmu/tlb_cpy/_random_4_0_/datawrclken1_16[8]                                  |                                                                                                |                5 |             27 |
|  clk_wiz_0/inst/clk_out1 | mfp_sys/top/cpu/core/mmu/tlb_cpy/_random_4_0_/datawrclken0_16[0]                                  |                                                                                                |                7 |             27 |
|  clk_wiz_0/inst/clk_out1 | mfp_sys/top/cpu/core/mmu/tlb_cpy/_random_4_0_/datawrclken0_16[10]                                 |                                                                                                |                9 |             27 |
|  clk_wiz_0/inst/clk_out1 | mfp_sys/top/cpu/core/mmu/tlb_cpy/_random_4_0_/datawrclken1_16[3]                                  |                                                                                                |               18 |             27 |
|  clk_wiz_0/inst/clk_out1 | mfp_sys/top/cpu/core/mmu/tlb_ctl/_rawcp0write_m/datawrclken0_16[0]                                |                                                                                                |               10 |             27 |
|  clk_wiz_0/inst/clk_out1 | mfp_sys/top/cpu/core/mmu/tlb_cpy/_random_4_0_/datawrclken0_16[5]                                  |                                                                                                |                6 |             27 |
|  clk_wiz_0/inst/clk_out1 | mfp_sys/top/cpu/core/mmu/tlb_cpy/_random_4_0_/datawrclken1_16[4]                                  |                                                                                                |                7 |             27 |
|  clk_wiz_0/inst/clk_out1 | mfp_sys/top/cpu/core/mmu/tlb_cpy/_random_4_0_/datawrclken1_16[9]                                  |                                                                                                |                8 |             27 |
|  clk_wiz_0/inst/clk_out1 | mfp_sys/top/cpu/core/mmu/tlb_ctl/_rawcp0write_m/datawrclken0_16[2]                                |                                                                                                |                8 |             27 |
|  clk_wiz_0/inst/clk_out1 | mfp_sys/top/cpu/core/mmu/tlb_ctl/_tlb_wr_1/datawrclken1_16[2]                                     |                                                                                                |               14 |             27 |
|  clk_wiz_0/inst/clk_out1 | mfp_sys/top/cpu/core/mmu/tlb_ctl/_tlb_wr_1/datawrclken1_16[3]                                     |                                                                                                |               20 |             27 |
|  clk_wiz_0/inst/clk_out1 | mfp_sys/top/cpu/core/mmu/tlb_cpy/_random_4_0_/datawrclken0_16[3]                                  |                                                                                                |               11 |             27 |
|  clk_wiz_0/inst/clk_out1 | mfp_sys/top/cpu/core/mmu/tlb_cpy/_random_4_0_/datawrclken1_16[0]                                  |                                                                                                |                7 |             27 |
|  clk_wiz_0/inst/clk_out1 | mfp_sys/top/cpu/core/mmu/tlb_cpy/_random_4_0_/datawrclken0_16[6]                                  |                                                                                                |               10 |             27 |
|  clk_wiz_0/inst/clk_out1 | mfp_sys/top/cpu/core/mmu/tlb_cpy/_random_4_0_/datawrclken0_16[2]                                  |                                                                                                |                6 |             27 |
|  clk_wiz_0/inst/clk_out1 | mfp_sys/top/cpu/core/mmu/tlb_cpy/_random_4_0_/datawrclken0_16[4]                                  |                                                                                                |               13 |             27 |
|  clk_wiz_0/inst/clk_out1 | mfp_sys/top/cpu/core/mmu/tlb_cpy/_random_4_0_/datawrclken1_16[7]                                  |                                                                                                |               23 |             27 |
|  clk_wiz_0/inst/clk_out1 | mfp_sys/top/cpu/core/mmu/tlb_cpy/_random_4_0_/datawrclken0_16[8]                                  |                                                                                                |                4 |             27 |
|  clk_wiz_0/inst/clk_out1 | mfp_sys/top/cpu/core/mmu/tlb_ctl/_tlb_wr_1/datawrclken1_16[1]                                     |                                                                                                |                5 |             27 |
|  clk_wiz_0/inst/clk_out1 | mfp_sys/top/cpu/core/mmu/tlb_cpy/_random_4_0_/datawrclken1_16[6]                                  |                                                                                                |               13 |             27 |
|  clk_wiz_0/inst/clk_out1 | mfp_sys/top/cpu/core/mmu/tlb_cpy/_random_4_0_/datawrclken1_16[2]                                  |                                                                                                |               12 |             27 |
|  clk_wiz_0/inst/clk_out1 | mfp_sys/top/cpu/core/mmu/tlb_cpy/_random_4_0_/datawrclken0_16[7]                                  |                                                                                                |                9 |             27 |
|  clk_wiz_0/inst/clk_out1 | mfp_sys/top/cpu/core/mmu/tlb_cpy/_random_4_0_/datawrclken0_16[11]                                 |                                                                                                |               12 |             27 |
|  clk_wiz_0/inst/clk_out1 | mfp_sys/top/cpu/core/mpc/mpc_ctl/_m_pipe_out_46_0_/cregister/cregister/q_reg[9]_1[0]              |                                                                                                |               18 |             27 |
|  clk_wiz_0/inst/clk_out1 | mfp_sys/top/cpu/core/mmu/tlb_cpy/_random_4_0_/datawrclken0_16[9]                                  |                                                                                                |                7 |             27 |
|  clk_wiz_0/inst/clk_out1 | mfp_sys/top/cpu/core/mmu/tlb_cpy/_random_4_0_/datawrclken1_16[5]                                  |                                                                                                |                4 |             27 |
|  clk_wiz_0/inst/clk_out1 | mfp_sys/top/cpu/core/mmu/tlb_cpy/_random_4_0_/datawrclken0_16[1]                                  |                                                                                                |               10 |             27 |
|  clk_wiz_0/inst/clk_out1 | mfp_sys/top/cpu/core/mmu/tlb_cpy/_random_4_0_/datawrclken1_16[1]                                  |                                                                                                |                8 |             27 |
|  clk_wiz_0/inst/clk_out1 | mfp_sys/top/cpu/core/mmu/tlb_cpy/_random_4_0_/datawrclken1_16[11]                                 |                                                                                                |               19 |             27 |
|  clk_wiz_0/inst/clk_out1 | mfp_sys/top/cpu/core/mmu/tlb_ctl/_rawcp0write_m/datawrclken0_16[1]                                |                                                                                                |                6 |             27 |
|  clk_wiz_0/inst/clk_out1 | mfp_sys/top/cpu/core/mmu/tlb_ctl/_rawcp0write_m/datawrclken0_16[3]                                |                                                                                                |                8 |             27 |
|  clk_wiz_0/inst/clk_out1 | mfp_sys/top/cpu/core/mmu/tlb_ctl/_tlb_wr_1/datawrclken1_16[0]                                     |                                                                                                |                8 |             27 |
|  clk_wiz_0/inst/clk_out1 | mfp_sys/top/cpu/core/dcc/_dccop_w/q_reg[0]_1[0]                                                   |                                                                                                |               11 |             28 |
|  clk_wiz_0/inst/clk_out1 | mfp_sys/top/cpu/core/biu/_hready_reg/q_reg[0]_0                                                   | mfp_sys/top/cpu/core/siu/_siu_coldreset/q_reg[0]_1                                             |                8 |             28 |
|  clk_wiz_0/inst/clk_out1 | mfp_sys/top/cpu/core/biu/_HADDR_31_0_/cregister/cregister/q_reg[0]_14[0]                          |                                                                                                |                7 |             28 |
|  clk_wiz_0/inst/clk_out1 | mfp_sys/top/cpu/core/biu/_HADDR_31_0_/cregister/cregister/q_reg[0]_16[0]                          |                                                                                                |               11 |             28 |
|  clk_wiz_0/inst/clk_out1 | mfp_sys/top/cpu/core/biu/_HADDR_31_0_/cregister/cregister/q_reg[0]_6[0]                           |                                                                                                |                5 |             28 |
|  clk_wiz_0/inst/clk_out1 | mfp_sys/top/cpu/core/biu/_HADDR_31_0_/cregister/cregister/q_reg[0]_9[0]                           |                                                                                                |                8 |             28 |
|  clk_wiz_0/inst/clk_out1 | mfp_sys/top/cpu/core/biu/_HADDR_31_0_/cregister/cregister/q_reg[0]_11[0]                          |                                                                                                |                9 |             28 |
|  clk_wiz_0/inst/clk_out1 | mfp_sys/top/cpu/core/biu/_HADDR_31_0_/cregister/cregister/E[0]                                    |                                                                                                |                8 |             28 |
|  clk_wiz_0/inst/clk_out1 | mfp_sys/top/cpu/core/mpc/mpc_ctl/_ie_pipe_out_50_0_/cregister/cregister/q_reg[33]_0               |                                                                                                |                8 |             28 |
|  clk_wiz_0/inst/clk_out1 | mfp_sys/top/cpu/core/biu/_HADDR_31_0_/cregister/cregister/dbv_we_sel                              |                                                                                                |                6 |             28 |
|  clk_wiz_0/inst/clk_out1 | mfp_sys/mfp_ahb_withloader/mfp_srec_parser/reg_address[28]_i_1_n_0                                |                                                                                                |               11 |             29 |
|  clk_wiz_0/inst/clk_out1 |                                                                                                   | mfp_sys/mfp_ahb_withloader/mfp_uart_receiver/CPU_RESETN                                        |               12 |             30 |
|  clk_wiz_0/inst/clk_out1 | mfp_sys/top/cpu/core/biu/_wrb_wd_cnt_1_0_/q_reg[0]_4[0]                                           |                                                                                                |               12 |             31 |
|  clk_wiz_0/inst/clk_out1 | mfp_sys/top/cpu/core/dcc/_wr_req_enable/q_reg[0]_rep_5[0]                                         |                                                                                                |               13 |             31 |
|  clk_wiz_0/inst/clk_out1 | mfp_sys/top/cpu/core/mpc/mpc_ctl/_m_pipe_out_46_0_/cregister/cregister/q_reg[4]_1[0]              |                                                                                                |               22 |             32 |
|  clk_wiz_0/inst/clk_out1 | mfp_sys/top/cpu/core/mpc/mpc_ctl/_m_pipe_out_46_0_/cregister/cregister/q_reg[1]_5[0]              |                                                                                                |               15 |             32 |
|  clk_wiz_0/inst/clk_out1 | mfp_sys/top/cpu/core/mpc/mpc_ctl/_m_pipe_out_46_0_/cregister/cregister/q_reg[5]_1[0]              |                                                                                                |               18 |             32 |
|  clk_wiz_0/inst/clk_out1 | mfp_sys/top/cpu/core/mpc/mpc_ctl/_m_pipe_out_46_0_/cregister/cregister/q_reg[5]_10[0]             |                                                                                                |               19 |             32 |
|  clk_wiz_0/inst/clk_out1 | mfp_sys/top/cpu/core/mpc/mpc_ctl/_m_pipe_out_46_0_/cregister/cregister/q_reg[5]_3[0]              |                                                                                                |               18 |             32 |
|  clk_wiz_0/inst/clk_out1 | mfp_sys/top/cpu/core/mpc/mpc_ctl/_m_pipe_out_46_0_/cregister/cregister/q_reg[1]_3[0]              |                                                                                                |               16 |             32 |
|  clk_wiz_0/inst/clk_out1 | mfp_sys/top/cpu/core/mpc/mpc_ctl/_m_pipe_out_46_0_/cregister/cregister/q_reg[1]_4[0]              |                                                                                                |               21 |             32 |
|  clk_wiz_0/inst/clk_out1 | mfp_sys/top/cpu/core/mpc/mpc_ctl/_m_pipe_out_46_0_/cregister/cregister/q_reg[1]_8[0]              |                                                                                                |               17 |             32 |
|  clk_wiz_0/inst/clk_out1 | mfp_sys/top/cpu/core/mpc/mpc_ctl/_m_pipe_out_46_0_/cregister/cregister/q_reg[3]_7[0]              |                                                                                                |               16 |             32 |
|  clk_wiz_0/inst/clk_out1 | mfp_sys/top/cpu/core/mpc/mpc_ctl/_m_pipe_out_46_0_/cregister/cregister/q_reg[5]_2[0]              |                                                                                                |               21 |             32 |
|  clk_wiz_0/inst/clk_out1 | mfp_sys/top/cpu/core/mpc/mpc_ctl/_m_pipe_out_46_0_/cregister/cregister/q_reg[5]_4[0]              |                                                                                                |               20 |             32 |
|  clk_wiz_0/inst/clk_out1 | mfp_sys/top/cpu/core/mpc/mpc_ctl/_m_pipe_out_46_0_/cregister/cregister/q_reg[4]_0[0]              |                                                                                                |               17 |             32 |
|  clk_wiz_0/inst/clk_out1 | mfp_sys/top/cpu/core/mpc/mpc_ctl/_m_pipe_out_46_0_/cregister/cregister/q_reg[5]_5[0]              |                                                                                                |               15 |             32 |
|  clk_wiz_0/inst/clk_out1 | mfp_sys/top/cpu/core/mpc/mpc_ctl/_m_pipe_out_46_0_/cregister/cregister/q_reg[5]_6[0]              |                                                                                                |               15 |             32 |
|  clk_wiz_0/inst/clk_out1 | mfp_sys/top/cpu/core/mpc/mpc_ctl/_m_pipe_out_46_0_/cregister/cregister/q_reg[1]_2[0]              |                                                                                                |               19 |             32 |
|  clk_wiz_0/inst/clk_out1 | mfp_sys/top/cpu/core/mpc/mpc_ctl/_m_pipe_out_46_0_/cregister/cregister/q_reg[1]_7[0]              |                                                                                                |               17 |             32 |
|  clk_wiz_0/inst/clk_out1 | mfp_sys/top/cpu/core/mpc/mpc_ctl/_m_pipe_out_46_0_/cregister/cregister/q_reg[3]_0[0]              |                                                                                                |               18 |             32 |
|  clk_wiz_0/inst/clk_out1 | mfp_sys/top/cpu/core/mpc/mpc_ctl/_m_pipe_out_46_0_/cregister/cregister/q_reg[3]_1[0]              |                                                                                                |               22 |             32 |
|  clk_wiz_0/inst/clk_out1 | mfp_sys/top/cpu/core/mpc/mpc_ctl/_m_pipe_out_46_0_/cregister/cregister/q_reg[3]_3[0]              |                                                                                                |               22 |             32 |
|  clk_wiz_0/inst/clk_out1 | mfp_sys/top/cpu/core/mpc/mpc_ctl/_m_pipe_out_46_0_/cregister/cregister/q_reg[3]_4[0]              |                                                                                                |               16 |             32 |
|  clk_wiz_0/inst/clk_out1 | mfp_sys/top/cpu/core/mpc/mpc_ctl/_m_pipe_out_46_0_/cregister/cregister/q_reg[3]_6[0]              |                                                                                                |               20 |             32 |
|  clk_wiz_0/inst/clk_out1 | mfp_sys/top/cpu/core/mpc/mpc_ctl/_m_pipe_out_46_0_/cregister/cregister/q_reg[3]_2[0]              |                                                                                                |               14 |             32 |
|  clk_wiz_0/inst/clk_out1 | mfp_sys/top/cpu/core/mpc/mpc_ctl/_m_pipe_out_46_0_/cregister/cregister/q_reg[3]_5[0]              |                                                                                                |               17 |             32 |
|  clk_wiz_0/inst/clk_out1 | mfp_sys/top/cpu/core/mpc/mpc_ctl/_m_pipe_out_46_0_/cregister/cregister/q_reg[0]_5[0]              |                                                                                                |               11 |             32 |
|  clk_wiz_0/inst/clk_out1 | mfp_sys/top/cpu/core/mpc/mpc_ctl/_m_pipe_out_46_0_/cregister/cregister/q_reg[16]_0[0]             |                                                                                                |               16 |             32 |
|  clk_wiz_0/inst/clk_out1 | mfp_sys/top/cpu/core/mpc/mpc_ctl/_m_pipe_out_46_0_/cregister/cregister/q_reg[1]_1[0]              |                                                                                                |               20 |             32 |
|  clk_wiz_0/inst/clk_out1 | mfp_sys/top/cpu/core/mpc/mpc_ctl/_m_pipe_out_46_0_/cregister/cregister/q_reg[1]_6[0]              |                                                                                                |               17 |             32 |
|  clk_wiz_0/inst/clk_out1 | mfp_sys/top/cpu/core/mpc/mpc_ctl/_m_pipe_out_46_0_/cregister/cregister/q_reg[5]_9[0]              |                                                                                                |               19 |             32 |
|  clk_wiz_0/inst/clk_out1 | mfp_sys/top/cpu/core/mpc/mpc_ctl/_m_pipe_out_46_0_/cregister/cregister/q_reg[5]_7[0]              |                                                                                                |               19 |             32 |
|  clk_wiz_0/inst/clk_out1 | mfp_sys/top/cpu/core/mpc/mpc_ctl/_m_pipe_out_46_0_/cregister/cregister/q_reg[5]_8[0]              |                                                                                                |               20 |             32 |
|  clk_wiz_0/inst/clk_out1 | mfp_sys/top/cpu/core/mpc/mpc_dec/_int_ir_e_31_0_/cregister/cregister/mmu_transexc                 |                                                                                                |                8 |             32 |
|  clk_wiz_0/inst/clk_out1 | mfp_sys/top/cpu/core/mpc/mpc_ctl/_hold_invalid_all/q_reg[13][0]                                   |                                                                                                |                6 |             32 |
|  clk_wiz_0/inst/clk_out1 | mfp_sys/top/cpu/core/mpc/mpc_ctl/_coptype_md_3_0_/q_reg[0]_20[0]                                  |                                                                                                |               16 |             32 |
|  clk_wiz_0/inst/clk_out1 | mfp_sys/top/cpu/core/mpc/mpc_dec/_int_ir_e_31_0_/cregister/cregister/q_reg[0]_4[0]                |                                                                                                |               21 |             32 |
|  clk_wiz_0/inst/clk_out1 | mfp_sys/top/cpu/core/mpc/mpc_dec/_int_ir_e_31_0_/cregister/cregister/q_reg[0]_21[0]               |                                                                                                |                9 |             32 |
|  clk_wiz_0/inst/clk_out1 | mfp_sys/top/cpu/core/mpc/mpc_dec/_int_ir_e_31_0_/cregister/cregister/q_reg[4]_6[0]                |                                                                                                |               19 |             32 |
|  clk_wiz_0/inst/clk_out1 | mfp_sys/top/cpu/core/mpc/mpc_exc/_mpc_pexc_w/mpc_jamtlb_w                                         |                                                                                                |               11 |             32 |
|  clk_wiz_0/inst/clk_out1 | mfp_sys/top/cpu/core/mpc/mpc_ctl/_m_pipe_out_46_0_/cregister/cregister/q_reg[1]_0[0]              |                                                                                                |               16 |             32 |
|  clk_wiz_0/inst/clk_out1 | mfp_sys/top/cpu/core/dcc/_new_addr_sync/cond047_out                                               |                                                                                                |               19 |             32 |
|  clk_wiz_0/inst/clk_out1 | mfp_sys/top/cpu/core/dcc/_dstore_m_reg/q_reg[0]_7[0]                                              |                                                                                                |               20 |             32 |
|  clk_wiz_0/inst/clk_out1 | mfp_sys/top/cpu/core/mmu/tlb_cpy/_random_4_0_/tagwrclken_16[9]                                    |                                                                                                |               13 |             32 |
|  clk_wiz_0/inst/clk_out1 | mfp_sys/top/cpu/core/mmu/tlb_cpy/_random_4_0_/tagwrclken_16[0]                                    |                                                                                                |               11 |             32 |
|  clk_wiz_0/inst/clk_out1 | mfp_sys/top/cpu/core/mmu/tlb_cpy/_random_4_0_/tagwrclken_16[11]                                   |                                                                                                |               11 |             32 |
|  clk_wiz_0/inst/clk_out1 | mfp_sys/top/cpu/core/mmu/tlb_cpy/_random_4_0_/tagwrclken_16[1]                                    |                                                                                                |               14 |             32 |
|  clk_wiz_0/inst/clk_out1 | mfp_sys/top/cpu/core/dcc/fb/_ld_mtag_reg/q_reg[0]_10[0]                                           |                                                                                                |                9 |             32 |
|  clk_wiz_0/inst/clk_out1 | mfp_sys/top/cpu/core/mmu/tlb_cpy/_random_4_0_/tagwrclken_16[2]                                    |                                                                                                |               13 |             32 |
|  clk_wiz_0/inst/clk_out1 | mfp_sys/top/cpu/core/dcc/fb/_raw_fb_replinf_12_0_/cregister/cregister/q_reg[1]_0[0]               |                                                                                                |               18 |             32 |
|  clk_wiz_0/inst/clk_out1 | mfp_sys/top/cpu/core/mmu/tlb_cpy/_random_4_0_/tagwrclken_16[3]                                    |                                                                                                |               11 |             32 |
|  clk_wiz_0/inst/clk_out1 | mfp_sys/top/cpu/core/dcc/fb/_raw_fb_replinf_12_0_/cregister/cregister/q_reg[0]_1[0]               |                                                                                                |               18 |             32 |
|  clk_wiz_0/inst/clk_out1 | mfp_sys/top/cpu/core/mmu/tlb_cpy/_random_4_0_/tagwrclken_16[4]                                    |                                                                                                |               10 |             32 |
|  clk_wiz_0/inst/clk_out1 | mfp_sys/top/cpu/core/dcc/fb/_raw_fb_replinf_12_0_/cregister/cregister/q_reg[0]_31[0]              |                                                                                                |               22 |             32 |
|  clk_wiz_0/inst/clk_out1 | mfp_sys/top/cpu/core/mmu/tlb_cpy/_random_4_0_/tagwrclken_16[5]                                    |                                                                                                |               14 |             32 |
|  clk_wiz_0/inst/clk_out1 | mfp_sys/top/cpu/core/dcc/fb/_raw_fb_replinf_12_0_/cregister/cregister/q_reg[0]_30[0]              |                                                                                                |                9 |             32 |
|  clk_wiz_0/inst/clk_out1 | mfp_sys/top/cpu/core/mmu/tlb_cpy/_random_4_0_/tagwrclken_16[6]                                    |                                                                                                |               12 |             32 |
|  clk_wiz_0/inst/clk_out1 | mfp_sys/top/cpu/core/dcc/fb/_raw_fb_replinf_12_0_/cregister/cregister/E[0]                        |                                                                                                |               26 |             32 |
|  clk_wiz_0/inst/clk_out1 | mfp_sys/top/cpu/core/mmu/tlb_cpy/_random_4_0_/tagwrclken_16[10]                                   |                                                                                                |               12 |             32 |
|  clk_wiz_0/inst/clk_out1 | mfp_sys/top/cpu/core/mmu/tlb_cpy/_random_4_0_/tagwrclken_16[7]                                    |                                                                                                |                9 |             32 |
|  clk_wiz_0/inst/clk_out1 | mfp_sys/top/cpu/core/cpz/cpz_pc/alu_cp0_pc1/_pc_ctl_evt_reg_7_0_/cregister/register_inst/E[0]     |                                                                                                |               14 |             32 |
|  clk_wiz_0/inst/clk_out1 | mfp_sys/top/cpu/core/biu/_dreq_a_st3_reg/E[0]                                                     |                                                                                                |               13 |             32 |
|  clk_wiz_0/inst/clk_out1 | mfp_sys/top/cpu/core/cpz/cpz_pc/alu_cp0_pc0/_pc_ctl_evt_reg_7_0_/cregister/register_inst/E[0]     |                                                                                                |               11 |             32 |
|  clk_wiz_0/inst/clk_out1 | mfp_sys/top/cpu/core/mpc/mpc_ctl/_m_pipe_out_46_0_/cregister/cregister/q_reg[5]_0[0]              |                                                                                                |               19 |             32 |
|  tck                     | mfp_sys/top/cpu/core/ejt/ejt_tap/ejt_tck/_inst_reg41_4_1_/E[0]                                    |                                                                                                |                9 |             32 |
|  clk_wiz_0/inst/clk_out1 | mfp_sys/top/cpu/core/mmu/tlb_ctl/_rawcp0write_m/tagwrclken_16[0]                                  |                                                                                                |               12 |             32 |
|  tck                     | mfp_sys/top/cpu/core/ejt/ejt_tap/ejt_tck/_inst_reg41_4_1_/q_reg[0]_6[0]                           |                                                                                                |                8 |             32 |
|  clk_wiz_0/inst/clk_out1 | mfp_sys/top/cpu/core/biu/_ea_read/q_reg[0]_3[0]                                                   |                                                                                                |               25 |             32 |
|  clk_wiz_0/inst/clk_out1 | mfp_sys/top/cpu/core/mmu/tlb_ctl/_rawcp0write_m/tagwrclken_16[2]                                  |                                                                                                |               12 |             32 |
|  clk_wiz_0/inst/clk_out1 | mfp_sys/top/cpu/core/biu/_greset_reg/new_data                                                     | mfp_sys/top/cpu/core/siu/_siu_coldreset/q_reg[0]_5                                             |               10 |             32 |
|  clk_wiz_0/inst/clk_out1 | mfp_sys/top/cpu/core/mmu/tlb_ctl/_rawcp0write_m/tagwrclken_16[3]                                  |                                                                                                |                9 |             32 |
|  clk_wiz_0/inst/clk_out1 | mfp_sys/top/cpu/core/mdunit/mdl_ctl/_uc_reg_out_20_0_/cregister/register_inst/q_reg[4]_5[0]       |                                                                                                |               19 |             32 |
|  clk_wiz_0/inst/clk_out1 | mfp_sys/top/cpu/core/mdunit/mdl_ctl/_uc_reg_out_20_0_/cregister/register_inst/q[41]_i_1__0_0[0]   |                                                                                                |               11 |             32 |
|  clk_wiz_0/inst/clk_out1 | mfp_sys/top/cpu/core/mmu/tlb_ctl/_rawcp0write_m/tagwrclken_16[1]                                  |                                                                                                |               13 |             32 |
|  clk_wiz_0/inst/clk_out1 | mfp_sys/top/cpu/core/mdunit/mdl_ctl/_uc_reg_out_20_0_/cregister/register_inst/E[0]                |                                                                                                |               12 |             32 |
|  clk_wiz_0/inst/clk_out1 | mfp_sys/top/cpu/core/mpc/mpc_ctl/_ie_pipe_out_50_0_/cregister/cregister/q_reg[27]_3[0]            |                                                                                                |               13 |             32 |
|  clk_wiz_0/inst/clk_out1 | mfp_sys/top/cpu/core/mpc/mpc_ctl/_ie_pipe_out_50_0_/cregister/cregister/q_reg[28]_5[0]            |                                                                                                |               18 |             32 |
|  clk_wiz_0/inst/clk_out1 | mfp_sys/top/cpu/core/mpc/mpc_ctl/_ie_pipe_out_50_0_/cregister/cregister/q_reg[31]_0[0]            |                                                                                                |               18 |             32 |
|  clk_wiz_0/inst/clk_out1 | mfp_sys/top/cpu/core/ejt/ejt_tap/ejt_tap_fdc/_last_read/cond0                                     | mfp_sys/top/cpu/core/ejt/ejt_tap/ejt_tap_fdc/_last_read/q_reg[0]_0                             |                7 |             32 |
|  clk_wiz_0/inst/clk_out1 | mfp_sys/top/cpu/core/mpc/mpc_ctl/_ie_pipe_out_50_0_/cregister/cregister/q_reg[28]_6[0]            |                                                                                                |               15 |             32 |
|  clk_wiz_0/inst/clk_out1 | mfp_sys/top/cpu/core/mpc/mpc_ctl/_ie_pipe_out_50_0_/cregister/cregister/q_reg[29]_2[0]            |                                                                                                |               11 |             32 |
|  clk_wiz_0/inst/clk_out1 | mfp_sys/top/cpu/core/mpc/mpc_ctl/_ie_pipe_out_50_0_/cregister/cregister/q_reg[26]_rep_22[0]       |                                                                                                |               10 |             32 |
|  clk_wiz_0/inst/clk_out1 | mfp_sys/top/cpu/core/mpc/mpc_ctl/_ie_pipe_out_50_0_/cregister/cregister/q_reg[31]_1[0]            |                                                                                                |               13 |             32 |
|  clk_wiz_0/inst/clk_out1 | mfp_sys/mfp_ahb_withloader/mfp_uart_receiver/counter[0]_i_1_n_0                                   | mfp_sys/mfp_ahb_withloader/mfp_uart_receiver/CPU_RESETN                                        |                8 |             32 |
|  clk_wiz_0/inst/clk_out1 | mfp_sys/top/cpu/core/ejt/ejt_area/_pre_done/E[0]                                                  |                                                                                                |               20 |             32 |
|  clk_wiz_0/inst/clk_out1 | mfp_sys/top/cpu/core/mpc/mpc_ctl/_m_pipe_out_46_0_/cregister/cregister/E[0]                       |                                                                                                |               21 |             32 |
|  clk_wiz_0/inst/clk_out1 | mfp_sys/top/cpu/core/biu/_HADDR_31_0_/cregister/cregister/p_2_in3_in                              |                                                                                                |               10 |             32 |
|  clk_wiz_0/inst/clk_out1 | mfp_sys/top/cpu/core/mmu/tlb_cpy/_random_4_0_/tagwrclken_16[8]                                    |                                                                                                |               11 |             32 |
|  clk_wiz_0/inst/clk_out1 | mfp_sys/top/cpu/core/mpc/mpc_exc/_mpc_auexc_x/q_reg[0]_2[0]                                       |                                                                                                |                7 |             34 |
|  clk_wiz_0/inst/clk_out1 | mfp_sys/top/cpu/core/dcc/_dstore_m_reg/E[0]                                                       |                                                                                                |               12 |             34 |
|  clk_wiz_0/inst/clk_out1 |                                                                                                   | mfp_sys/top/cpu/core/siu/_siu_coldreset/q_reg[0]_1                                             |               17 |             35 |
|  clk_wiz_0/inst/clk_out1 | mfp_sys/top/cpu/core/dcc/_rd_req_enable/E[0]                                                      |                                                                                                |               13 |             35 |
|  clk_wiz_0/inst/clk_out1 | mfp_sys/top/cpu/core/dcc/_rd_req_enable/q_reg[0]_8                                                |                                                                                                |               16 |             36 |
|  tck                     | mfp_sys/top/cpu/core/ejt/ejt_tap/ejt_tck/fdctx_async_rec/_sync_data_vld/sync_sample_en_reset      | mfp_sys/top/cpu/core/ejt/ejt_tap/ejt_tck/_reset_tck/q_reg[0]_0                                 |                7 |             36 |
|  clk_wiz_0/inst/clk_out1 | mfp_sys/top/cpu/core/icc/_ireq/q_reg[0]_0                                                         |                                                                                                |               12 |             36 |
|  tck                     | mfp_sys/top/cpu/core/ejt/ejt_tap/ejt_tck/fdcrx_async_snd/_sync_sample_st_3_0_/E[0]                |                                                                                                |                7 |             36 |
|  clk_wiz_0/inst/clk_out1 | mfp_sys/top/cpu/core/ejt/ejt_tap/ejt_tap_fdc/rxfifo_async_rec/_sync_data_vld/sync_sample_en_reset | mfp_sys/top/cpu/core/siu/_siu_coldreset/q_reg[0]_1                                             |                7 |             36 |
|  clk_wiz_0/inst/clk_out1 | mfp_sys/top/cpu/core/dcc/_dcc_ev/mpc_run_w                                                        |                                                                                                |               12 |             37 |
|  clk_wiz_0/inst/clk_out1 | mfp_sys/top/cpu/core/icc/_ireq/ld_tag                                                             |                                                                                                |               17 |             38 |
|  tck                     | mfp_sys/top/cpu/core/ejt/ejt_tap/ejt_tck/pcsam_async_rec/_data_rdy_sync1/sync_sample_en_reset     | mfp_sys/top/cpu/core/ejt/ejt_tap/ejt_tck/_reset_tck/q_reg[0]_0                                 |               10 |             40 |
|  clk_wiz_0/inst/clk_out1 | mfp_sys/top/cpu/core/ejt/ejt_area/_dase/E[0]                                                      |                                                                                                |                8 |             40 |
|  clk_wiz_0/inst/clk_out1 | mfp_sys/top/cpu/core/biu/_greset_reg/E[0]                                                         |                                                                                                |               21 |             40 |
|  tck                     | mfp_sys/top/cpu/core/ejt/ejt_tap/ejt_tck/dasam_async_rec/_data_rdy_sync1/sync_sample_en_reset     | mfp_sys/top/cpu/core/ejt/ejt_tap/ejt_tck/_reset_tck/q_reg[0]_0                                 |               10 |             40 |
|  clk_wiz_0/inst/clk_out1 | mfp_sys/top/cpu/core/ejt/ejt_area/_dase/q_reg[0]_1[0]                                             |                                                                                                |                9 |             40 |
|  clk_wiz_0/inst/clk_out1 | mfp_sys/top/cpu/core/mpc/mpc_exc/_mpc_pexc_w/q_reg[0]_12[0]                                       |                                                                                                |                8 |             40 |
|  clk_wiz_0/inst/clk_out1 | mfp_sys/top/cpu/core/ejt/ejt_area/_pc_im/q_reg[0]_2[0]                                            |                                                                                                |                7 |             40 |
|  clk_wiz_0/inst/clk_out1 | mfp_sys/top/cpu/core/ejt/ejt_tap/ejt_tap_dasam/_pending_sample_da/q_reg[0]_0                      |                                                                                                |               10 |             40 |
|  clk_wiz_0/inst/clk_out1 | mfp_sys/top/cpu/core/ejt/ejt_tap/ejt_tap_pcsam/_pending_sample_pc/E[0]                            |                                                                                                |                7 |             40 |
|  tck                     |                                                                                                   |                                                                                                |               16 |             48 |
|  clk_wiz_0/inst/clk_out1 | mfp_sys/top/cpu/core/mmu/tlb_itlb/utlb/_lru1_1_0_/load_utlb[1]                                    |                                                                                                |               18 |             61 |
|  clk_wiz_0/inst/clk_out1 | mfp_sys/top/cpu/core/mmu/tlb_itlb/utlb/_lru1_1_0_/load_utlb[0]                                    |                                                                                                |               17 |             61 |
|  clk_wiz_0/inst/clk_out1 | mfp_sys/top/cpu/core/mmu/tlb_itlb/load_utlb[1]                                                    |                                                                                                |               16 |             61 |
|  clk_wiz_0/inst/clk_out1 | mfp_sys/top/cpu/core/mmu/tlb_itlb/load_utlb[0]                                                    |                                                                                                |               14 |             61 |
|  clk_wiz_0/inst/clk_out1 | mfp_sys/top/cpu/core/mmu/tlb_dtlb/utlb/_lru3_1_0_/load_utlb[0]                                    |                                                                                                |               16 |             63 |
|  clk_wiz_0/inst/clk_out1 | mfp_sys/top/cpu/core/mmu/tlb_dtlb/utlb/_lru3_1_0_/load_utlb[2]                                    |                                                                                                |               17 |             63 |
|  clk_wiz_0/inst/clk_out1 | mfp_sys/top/cpu/core/mmu/tlb_dtlb/utlb/_lru3_1_0_/load_utlb[3]                                    |                                                                                                |               23 |             63 |
|  clk_wiz_0/inst/clk_out1 | mfp_sys/top/cpu/core/mmu/tlb_dtlb/utlb/_lru3_1_0_/load_utlb[1]                                    |                                                                                                |               17 |             63 |
|  clk_wiz_0/inst/clk_out1 | mfp_sys/top/udi/_inst_s2_5_0_/cregister/cregister/q_reg[0]_0[0]                                   |                                                                                                |               23 |             64 |
|  clk_wiz_0/inst/clk_out1 | mfp_sys/top/cpu/core/mpc/mpc_dec/_int_ir_e_31_0_/cregister/cregister/q_reg[4]_1[0]                |                                                                                                |               19 |             64 |
|  clk_wiz_0/inst/clk_out1 | mfp_sys/top/udi/_run_udi_s1/E[0]                                                                  |                                                                                                |               16 |             70 |
|  tck                     | mfp_sys/top/cpu/core/ejt/ejt_tap/ejt_tck/_tap_ctrl_3_0_/q_reg[3]_2                                |                                                                                                |               21 |             74 |
|  tck                     | mfp_sys/top/cpu/core/ejt/ejt_tap/ejt_tck/_inst_reg41_4_1_/q_reg[3]_3[0]                           |                                                                                                |               28 |             82 |
|  clk_wiz_0/inst/clk_out1 | mfp_sys/top/cpu/core/dcc/_dcc_ev/q_reg[0]_7[0]                                                    |                                                                                                |               60 |            128 |
|  clk_wiz_0/inst/clk_out1 | mfp_sys/top/cpu/core/dcc/_wr_req_enable/q_reg[0]_4[0]                                             |                                                                                                |               43 |            128 |
|  clk_wiz_0/inst/clk_out1 | mfp_sys/top/cpu/core/biu/_dcc_ev_force_move_reg/E[0]                                              |                                                                                                |               42 |            144 |
|  clk_wiz_0/inst/clk_out1 | mfp_sys/top/cpu/core/mpc/mpc_ctl/_m_pipe_out_46_0_/cregister/cregister/q_reg[0]_0                 |                                                                                                |               74 |            208 |
|  clk_wiz_0/inst/clk_out1 |                                                                                                   |                                                                                                |              451 |           1144 |
+--------------------------+---------------------------------------------------------------------------------------------------+------------------------------------------------------------------------------------------------+------------------+----------------+


